<?xml version="1.0" encoding="UTF-8"?>
<testng-results skipped="0" failed="0" ignored="0" total="1" passed="1">
  <reporter-output>
  </reporter-output>
  <suite name="Default suite" duration-ms="27862" started-at="2019-04-07T17:04:03Z" finished-at="2019-04-07T17:04:31Z">
    <groups>
    </groups>
    <test name="Default test" duration-ms="27862" started-at="2019-04-07T17:04:03Z" finished-at="2019-04-07T17:04:31Z">
      <class name="testCases.Homepage">
        <test-method status="PASS" signature="f()[pri:0, instance:testCases.Homepage@475530b9]" name="f" duration-ms="27815" started-at="2019-04-07T17:04:03Z" finished-at="2019-04-07T17:04:31Z">
          <reporter-output>
          </reporter-output>
        </test-method> <!-- f -->
      </class> <!-- testCases.Homepage -->
    </test> <!-- Default test -->
  </suite> <!-- Default suite -->
</testng-results>
