<?xml version="1.0" encoding="UTF-8"?>
<!-- Generated by org.testng.reporters.JUnitXMLReporter -->
<testsuite hostname="DESKTOP-KQ81DDT" ignored="2" name="Default test" tests="1" failures="0" timestamp="17 Apr 2019 18:08:18 GMT" time="95.761" errors="0">
  <testcase name="TC_03" time="95.716" classname="testCases.Homepage"/>
  <testcase name="TC_01" time="0.0" classname="testCases.Homepage">
    <ignored/>
  </testcase> <!-- TC_01 -->
  <testcase name="TC_02" time="0.0" classname="testCases.Homepage">
    <ignored/>
  </testcase> <!-- TC_02 -->
</testsuite> <!-- Default test -->
